{"C:\\vscode\\reactFinalProject\\graphiql-app\\src\\components\\AboutUs\\AboutUs.tsx": {"path":"C:\\vscode\\reactFinalProject\\graphiql-app\\src\\components\\AboutUs\\AboutUs.tsx","statementMap":{"0":{"start":{"line":1,"column":0},"end":{"line":1,"column":52}},"1":{"start":{"line":2,"column":0},"end":{"line":2,"column":36}},"2":{"start":{"line":3,"column":0},"end":{"line":3,"column":44}},"3":{"start":{"line":5,"column":0},"end":{"line":5,"column":52}},"4":{"start":{"line":6,"column":0},"end":{"line":6,"column":43}},"5":{"start":{"line":8,"column":26},"end":{"line":62,"column":null}},"6":{"start":{"line":9,"column":2},"end":{"line":61,"column":null}},"7":{"start":{"line":11,"column":6},"end":{"line":11,"column":null}},"8":{"start":{"line":65,"column":0},"end":{"line":65,"column":23}}},"fnMap":{"0":{"name":"(anonymous_1)","decl":{"start":{"line":8,"column":26},"end":{"line":8,"column":29}},"loc":{"start":{"line":9,"column":2},"end":{"line":61,"column":null}}},"1":{"name":"(anonymous_2)","decl":{"start":{"line":10,"column":25},"end":{"line":10,"column":26}},"loc":{"start":{"line":11,"column":6},"end":{"line":11,"column":null}}}},"branchMap":{"0":{"loc":{"start":{"line":17,"column":27},"end":{"line":17,"column":66}},"type":"cond-expr","locations":[{"start":{"line":17,"column":45},"end":{"line":17,"column":58}},{"start":{"line":17,"column":61},"end":{"line":17,"column":66}}]},"1":{"loc":{"start":{"line":30,"column":25},"end":{"line":30,"column":89}},"type":"cond-expr","locations":[{"start":{"line":30,"column":43},"end":{"line":30,"column":65}},{"start":{"line":30,"column":68},"end":{"line":30,"column":89}}]},"2":{"loc":{"start":{"line":59,"column":9},"end":{"line":59,"column":58}},"type":"binary-expr","locations":[{"start":{"line":59,"column":9},"end":{"line":59,"column":43}},{"start":{"line":59,"column":47},"end":{"line":59,"column":58}}]}},"s":{"0":1,"1":1,"2":1,"3":1,"4":1,"5":1,"6":1,"7":3,"8":1},"f":{"0":1,"1":3},"b":{"0":[1,2],"1":[1,2],"2":[3,2]}}
,"C:\\vscode\\reactFinalProject\\graphiql-app\\src\\contexts\\Locale\\LocaleContext.tsx": {"path":"C:\\vscode\\reactFinalProject\\graphiql-app\\src\\contexts\\Locale\\LocaleContext.tsx","statementMap":{"0":{"start":{"line":1,"column":0},"end":{"line":1,"column":50}},"1":{"start":{"line":3,"column":0},"end":{"line":3,"column":59}},"2":{"start":{"line":17,"column":16},"end":{"line":29,"column":1}},"3":{"start":{"line":18,"column":2},"end":{"line":28,"column":3}},"4":{"start":{"line":20,"column":6},"end":{"line":20,"column":58}},"5":{"start":{"line":21,"column":6},"end":{"line":24,"column":8}},"6":{"start":{"line":27,"column":6},"end":{"line":27,"column":19}},"7":{"start":{"line":31,"column":13},"end":{"line":31,"column":85}},"8":{"start":{"line":33,"column":65},"end":{"line":42,"column":1}},"9":{"start":{"line":34,"column":28},"end":{"line":34,"column":61}},"10":{"start":{"line":36,"column":23},"end":{"line":39,"column":4}},"11":{"start":{"line":41,"column":2},"end":{"line":41,"column":90}},"12":{"start":{"line":33,"column":13},"end":{"line":33,"column":65}}},"fnMap":{"0":{"name":"(anonymous_0)","decl":{"start":{"line":17,"column":16},"end":{"line":17,"column":17}},"loc":{"start":{"line":17,"column":60},"end":{"line":29,"column":1}}},"1":{"name":"(anonymous_1)","decl":{"start":{"line":33,"column":65},"end":{"line":33,"column":66}},"loc":{"start":{"line":33,"column":82},"end":{"line":42,"column":1}}}},"branchMap":{"0":{"loc":{"start":{"line":18,"column":2},"end":{"line":28,"column":3}},"type":"switch","locations":[{"start":{"line":19,"column":4},"end":{"line":25,"column":5}},{"start":{"line":26,"column":4},"end":{"line":27,"column":19}}]}},"s":{"0":1,"1":1,"2":1,"3":0,"4":0,"5":0,"6":0,"7":1,"8":1,"9":1,"10":1,"11":1,"12":1},"f":{"0":0,"1":1},"b":{"0":[0,0]}}
,"C:\\vscode\\reactFinalProject\\graphiql-app\\src\\contexts\\Locale\\constants.ts": {"path":"C:\\vscode\\reactFinalProject\\graphiql-app\\src\\contexts\\Locale\\constants.ts","statementMap":{"0":{"start":{"line":1,"column":0},"end":{"line":1,"column":42}},"1":{"start":{"line":2,"column":0},"end":{"line":2,"column":42}},"2":{"start":{"line":4,"column":13},"end":{"line":7,"column":2}},"3":{"start":{"line":9,"column":13},"end":{"line":12,"column":2}},"4":{"start":{"line":14,"column":13},"end":{"line":14,"column":63}},"5":{"start":{"line":16,"column":13},"end":{"line":18,"column":2}}},"fnMap":{},"branchMap":{"0":{"loc":{"start":{"line":14,"column":20},"end":{"line":14,"column":62}},"type":"binary-expr","locations":[{"start":{"line":14,"column":20},"end":{"line":14,"column":48}},{"start":{"line":14,"column":52},"end":{"line":14,"column":62}}]}},"s":{"0":1,"1":1,"2":1,"3":1,"4":1,"5":1},"f":{},"b":{"0":[1,1]}}
,"C:\\vscode\\reactFinalProject\\graphiql-app\\src\\theme\\index.ts": {"path":"C:\\vscode\\reactFinalProject\\graphiql-app\\src\\theme\\index.ts","statementMap":{"0":{"start":{"line":1,"column":0},"end":{"line":1,"column":65}},"1":{"start":{"line":3,"column":19},"end":{"line":3,"column":28}},"2":{"start":{"line":4,"column":19},"end":{"line":4,"column":28}},"3":{"start":{"line":5,"column":19},"end":{"line":5,"column":25}},"4":{"start":{"line":6,"column":19},"end":{"line":6,"column":28}},"5":{"start":{"line":7,"column":20},"end":{"line":7,"column":29}},"6":{"start":{"line":8,"column":24},"end":{"line":8,"column":33}},"7":{"start":{"line":9,"column":20},"end":{"line":9,"column":29}},"8":{"start":{"line":10,"column":21},"end":{"line":10,"column":30}},"9":{"start":{"line":14,"column":22},"end":{"line":97,"column":20}},"10":{"start":{"line":15,"column":2},"end":{"line":97,"column":20}},"11":{"start":{"line":99,"column":13},"end":{"line":99,"column":49}},"12":{"start":{"line":100,"column":13},"end":{"line":100,"column":47}}},"fnMap":{"0":{"name":"(anonymous_0)","decl":{"start":{"line":14,"column":22},"end":{"line":14,"column":23}},"loc":{"start":{"line":15,"column":2},"end":{"line":97,"column":20}}}},"branchMap":{},"s":{"0":1,"1":1,"2":1,"3":1,"4":1,"5":1,"6":1,"7":1,"8":1,"9":1,"10":2,"11":1,"12":1},"f":{"0":2},"b":{}}
,"C:\\vscode\\reactFinalProject\\graphiql-app\\src\\utils\\constants.ts": {"path":"C:\\vscode\\reactFinalProject\\graphiql-app\\src\\utils\\constants.ts","statementMap":{"0":{"start":{"line":1,"column":13},"end":{"line":1,"column":32}},"1":{"start":{"line":3,"column":13},"end":{"line":97,"column":2}}},"fnMap":{},"branchMap":{},"s":{"0":1,"1":1},"f":{},"b":{}}
}
