TN:
SF:src\components\AboutUs\AboutUs.tsx
FN:8,(anonymous_1)
FN:10,(anonymous_2)
FNF:2
FNH:2
FNDA:1,(anonymous_1)
FNDA:3,(anonymous_2)
DA:1,1
DA:2,1
DA:3,1
DA:5,1
DA:6,1
DA:8,1
DA:9,1
DA:11,3
DA:65,1
LF:9
LH:9
BRDA:17,0,0,1
BRDA:17,0,1,2
BRDA:30,1,0,1
BRDA:30,1,1,2
BRDA:59,2,0,3
BRDA:59,2,1,2
BRF:6
BRH:6
end_of_record
TN:
SF:src\contexts\Locale\LocaleContext.tsx
FN:17,(anonymous_0)
FN:33,(anonymous_1)
FNF:2
FNH:1
FNDA:0,(anonymous_0)
FNDA:1,(anonymous_1)
DA:1,1
DA:3,1
DA:17,1
DA:18,0
DA:20,0
DA:21,0
DA:27,0
DA:31,1
DA:33,1
DA:34,1
DA:36,1
DA:41,1
LF:12
LH:8
BRDA:18,0,0,0
BRDA:18,0,1,0
BRF:2
BRH:0
end_of_record
TN:
SF:src\contexts\Locale\constants.ts
FNF:0
FNH:0
DA:1,1
DA:2,1
DA:4,1
DA:9,1
DA:14,1
DA:16,1
LF:6
LH:6
BRDA:14,0,0,1
BRDA:14,0,1,1
BRF:2
BRH:2
end_of_record
TN:
SF:src\theme\index.ts
FN:14,(anonymous_0)
FNF:1
FNH:1
FNDA:2,(anonymous_0)
DA:1,1
DA:3,1
DA:4,1
DA:5,1
DA:6,1
DA:7,1
DA:8,1
DA:9,1
DA:10,1
DA:14,1
DA:15,2
DA:99,1
DA:100,1
LF:13
LH:13
BRF:0
BRH:0
end_of_record
TN:
SF:src\utils\constants.ts
FNF:0
FNH:0
DA:1,1
DA:3,1
LF:2
LH:2
BRF:0
BRH:0
end_of_record
